# JRE version: OpenJDK Runtime Environment GraalVM CE 21.3.0 (17.0.1+12) (build 17.0.1+12-jvmci-21.3-b05)
# Java VM: OpenJDK 64-Bit Server VM GraalVM CE 21.3.0 (17.0.1+12-jvmci-21.3-b05, mixed mode, sharing, tiered, jvmci, jvmci compiler, compressed oops, compressed class ptrs, parallel gc, linux-amd64)
GC Precious Log:
 CPUs: 8 total, 4 available
 Memory: 8192M
 Large Page Support: Disabled
 NUMA Support: Disabled
 Compressed Oops: Enabled (32-bit)
 Alignments: Space 512K, Generation 512K, Heap 2M
 Heap Min Capacity: 100M
 Heap Initial Capacity: 100M
 Heap Max Capacity: 512M
 Pre-touch: Disabled
 Parallel Workers: 4
Heap:
 PSYoungGen      total 24064K, used 23241K [0x00000000f5580000, 0x00000000f7200000, 0x0000000100000000)
  eden space 22016K, 96% used [0x00000000f5580000,0x00000000f6a33be0,0x00000000f6b00000)
  from space 2048K, 99% used [0x00000000f6f00000,0x00000000f70feb98,0x00000000f7100000)
  to   space 1024K, 0% used [0x00000000f7100000,0x00000000f7100000,0x00000000f7200000)
 ParOldGen       total 68608K, used 31415K [0x00000000e0000000, 0x00000000e4300000, 0x00000000f5580000)
  object space 68608K, 45% used [0x00000000e0000000,0x00000000e1eadc70,0x00000000e4300000)
 Metaspace       used 45923K, committed 46784K, reserved 1097728K
  class space    used 4569K, committed 4928K, reserved 1048576K
GC Heap History (20 events):
Event: 4.481 GC heap before
{Heap before GC invocations=6 (full 1):
 PSYoungGen      total 29696K, used 28863K [0x00000000f5580000, 0x00000000f7680000, 0x0000000100000000)
  eden space 25600K, 100% used [0x00000000f5580000,0x00000000f6e80000,0x00000000f6e80000)
  from space 4096K, 79% used [0x00000000f7280000,0x00000000f75afd00,0x00000000f7680000)
  to   space 4096K, 0% used [0x00000000f6e80000,0x00000000f6e80000,0x00000000f7280000)
 ParOldGen       total 68608K, used 10953K [0x00000000e0000000, 0x00000000e4300000, 0x00000000f5580000)
  object space 68608K, 15% used [0x00000000e0000000,0x00000000e0ab2640,0x00000000e4300000)
 Metaspace       used 28605K, committed 29312K, reserved 1081344K
  class space    used 2932K, committed 3264K, reserved 1048576K
}
Event: 4.490 GC heap after
{Heap after GC invocations=6 (full 1):
 PSYoungGen      total 29184K, used 4075K [0x00000000f5580000, 0x00000000f7a00000, 0x0000000100000000)
  eden space 25088K, 0% used [0x00000000f5580000,0x00000000f5580000,0x00000000f6e00000)
  from space 4096K, 99% used [0x00000000f6e80000,0x00000000f727ac78,0x00000000f7280000)
  to   space 6144K, 0% used [0x00000000f7400000,0x00000000f7400000,0x00000000f7a00000)
 ParOldGen       total 68608K, used 12361K [0x00000000e0000000, 0x00000000e4300000, 0x00000000f5580000)
  object space 68608K, 18% used [0x00000000e0000000,0x00000000e0c12650,0x00000000e4300000)
 Metaspace       used 28605K, committed 29312K, reserved 1081344K
  class space    used 2932K, committed 3264K, reserved 1048576K
}
Event: 4.696 GC heap before
{Heap before GC invocations=7 (full 1):
 PSYoungGen      total 29184K, used 29163K [0x00000000f5580000, 0x00000000f7a00000, 0x0000000100000000)
  eden space 25088K, 100% used [0x00000000f5580000,0x00000000f6e00000,0x00000000f6e00000)
  from space 4096K, 99% used [0x00000000f6e80000,0x00000000f727ac78,0x00000000f7280000)
  to   space 6144K, 0% used [0x00000000f7400000,0x00000000f7400000,0x00000000f7a00000)
 ParOldGen       total 68608K, used 12361K [0x00000000e0000000, 0x00000000e4300000, 0x00000000f5580000)
  object space 68608K, 18% used [0x00000000e0000000,0x00000000e0c12650,0x00000000e4300000)
 Metaspace       used 29300K, committed 30016K, reserved 1081344K
  class space    used 2985K, committed 3328K, reserved 1048576K
}
Event: 4.704 GC heap after
{Heap after GC invocations=7 (full 1):
 PSYoungGen      total 30720K, used 6124K [0x00000000f5580000, 0x00000000f7a80000, 0x0000000100000000)
  eden space 24576K, 0% used [0x00000000f5580000,0x00000000f5580000,0x00000000f6d80000)
  from space 6144K, 99% used [0x00000000f7400000,0x00000000f79fb198,0x00000000f7a00000)
  to   space 6656K, 0% used [0x00000000f6d80000,0x00000000f6d80000,0x00000000f7400000)
 ParOldGen       total 68608K, used 12581K [0x00000000e0000000, 0x00000000e4300000, 0x00000000f5580000)
  object space 68608K, 18% used [0x00000000e0000000,0x00000000e0c496a0,0x00000000e4300000)
 Metaspace       used 29300K, committed 30016K, reserved 1081344K
  class space    used 2985K, committed 3328K, reserved 1048576K
}
Event: 4.780 GC heap before
{Heap before GC invocations=8 (full 1):
 PSYoungGen      total 30720K, used 30700K [0x00000000f5580000, 0x00000000f7a80000, 0x0000000100000000)
  eden space 24576K, 100% used [0x00000000f5580000,0x00000000f6d80000,0x00000000f6d80000)
  from space 6144K, 99% used [0x00000000f7400000,0x00000000f79fb198,0x00000000f7a00000)
  to   space 6656K, 0% used [0x00000000f6d80000,0x00000000f6d80000,0x00000000f7400000)
 ParOldGen       total 68608K, used 12581K [0x00000000e0000000, 0x00000000e4300000, 0x00000000f5580000)
  object space 68608K, 18% used [0x00000000e0000000,0x00000000e0c496a0,0x00000000e4300000)
 Metaspace       used 29453K, committed 30144K, reserved 1081344K
  class space    used 3012K, committed 3328K, reserved 1048576K
}
Event: 4.796 GC heap after
{Heap after GC invocations=8 (full 1):
 PSYoungGen      total 30720K, used 6627K [0x00000000f5580000, 0x00000000f7f00000, 0x0000000100000000)
  eden space 24064K, 0% used [0x00000000f5580000,0x00000000f5580000,0x00000000f6d00000)
  from space 6656K, 99% used [0x00000000f6d80000,0x00000000f73f8ff0,0x00000000f7400000)
  to   space 9216K, 0% used [0x00000000f7600000,0x00000000f7600000,0x00000000f7f00000)
 ParOldGen       total 68608K, used 14338K [0x00000000e0000000, 0x00000000e4300000, 0x00000000f5580000)
  object space 68608K, 20% used [0x00000000e0000000,0x00000000e0e00900,0x00000000e4300000)
 Metaspace       used 29453K, committed 30144K, reserved 1081344K
  class space    used 3012K, committed 3328K, reserved 1048576K
}
Event: 4.892 GC heap before
{Heap before GC invocations=9 (full 1):
 PSYoungGen      total 30720K, used 30691K [0x00000000f5580000, 0x00000000f7f00000, 0x0000000100000000)
  eden space 24064K, 100% used [0x00000000f5580000,0x00000000f6d00000,0x00000000f6d00000)
  from space 6656K, 99% used [0x00000000f6d80000,0x00000000f73f8ff0,0x00000000f7400000)
  to   space 9216K, 0% used [0x00000000f7600000,0x00000000f7600000,0x00000000f7f00000)
 ParOldGen       total 68608K, used 14338K [0x00000000e0000000, 0x00000000e4300000, 0x00000000f5580000)
  object space 68608K, 20% used [0x00000000e0000000,0x00000000e0e00900,0x00000000e4300000)
 Metaspace       used 29670K, committed 30400K, reserved 1081344K
  class space    used 3039K, committed 3392K, reserved 1048576K
}
Event: 4.909 GC heap after
{Heap after GC invocations=9 (full 1):
 PSYoungGen      total 30720K, used 6817K [0x00000000f5580000, 0x00000000f7d00000, 0x0000000100000000)
  eden space 23552K, 0% used [0x00000000f5580000,0x00000000f5580000,0x00000000f6c80000)
  from space 7168K, 95% used [0x00000000f7600000,0x00000000f7ca84a0,0x00000000f7d00000)
  to   space 7680K, 0% used [0x00000000f6e00000,0x00000000f6e00000,0x00000000f7580000)
 ParOldGen       total 68608K, used 16695K [0x00000000e0000000, 0x00000000e4300000, 0x00000000f5580000)
  object space 68608K, 24% used [0x00000000e0000000,0x00000000e104dc58,0x00000000e4300000)
 Metaspace       used 29670K, committed 30400K, reserved 1081344K
  class space    used 3039K, committed 3392K, reserved 1048576K
}
Event: 4.984 GC heap before
{Heap before GC invocations=10 (full 1):
 PSYoungGen      total 30720K, used 30369K [0x00000000f5580000, 0x00000000f7d00000, 0x0000000100000000)
  eden space 23552K, 100% used [0x00000000f5580000,0x00000000f6c80000,0x00000000f6c80000)
  from space 7168K, 95% used [0x00000000f7600000,0x00000000f7ca84a0,0x00000000f7d00000)
  to   space 7680K, 0% used [0x00000000f6e00000,0x00000000f6e00000,0x00000000f7580000)
 ParOldGen       total 68608K, used 16695K [0x00000000e0000000, 0x00000000e4300000, 0x00000000f5580000)
  object space 68608K, 24% used [0x00000000e0000000,0x00000000e104dc58,0x00000000e4300000)
 Metaspace       used 30211K, committed 30912K, reserved 1081344K
  class space    used 3107K, committed 3456K, reserved 1048576K
}
Event: 5.005 GC heap after
{Heap after GC invocations=10 (full 1):
 PSYoungGen      total 29696K, used 6570K [0x00000000f5580000, 0x00000000f7a00000, 0x0000000100000000)
  eden space 23040K, 0% used [0x00000000f5580000,0x00000000f5580000,0x00000000f6c00000)
  from space 6656K, 98% used [0x00000000f6e00000,0x00000000f746a900,0x00000000f7480000)
  to   space 5632K, 0% used [0x00000000f7480000,0x00000000f7480000,0x00000000f7a00000)
 ParOldGen       total 68608K, used 19471K [0x00000000e0000000, 0x00000000e4300000, 0x00000000f5580000)
  object space 68608K, 28% used [0x00000000e0000000,0x00000000e1303c58,0x00000000e4300000)
 Metaspace       used 30211K, committed 30912K, reserved 1081344K
  class space    used 3107K, committed 3456K, reserved 1048576K
}
Event: 5.130 GC heap before
{Heap before GC invocations=11 (full 1):
 PSYoungGen      total 29696K, used 29610K [0x00000000f5580000, 0x00000000f7a00000, 0x0000000100000000)
  eden space 23040K, 99% used [0x00000000f5580000,0x00000000f6bffff8,0x00000000f6c00000)
  from space 6656K, 98% used [0x00000000f6e00000,0x00000000f746a900,0x00000000f7480000)
  to   space 5632K, 0% used [0x00000000f7480000,0x00000000f7480000,0x00000000f7a00000)
 ParOldGen       total 68608K, used 19471K [0x00000000e0000000, 0x00000000e4300000, 0x00000000f5580000)
  object space 68608K, 28% used [0x00000000e0000000,0x00000000e1303c58,0x00000000e4300000)
 Metaspace       used 30839K, committed 31552K, reserved 1081344K
  class space    used 3188K, committed 3520K, reserved 1048576K
}
Event: 5.154 GC heap after
{Heap after GC invocations=11 (full 1):
 PSYoungGen      total 27648K, used 4736K [0x00000000f5580000, 0x00000000f7980000, 0x0000000100000000)
  eden space 22528K, 0% used [0x00000000f5580000,0x00000000f5580000,0x00000000f6b80000)
  from space 5120K, 92% used [0x00000000f7480000,0x00000000f7920010,0x00000000f7980000)
  to   space 5632K, 0% used [0x00000000f6e80000,0x00000000f6e80000,0x00000000f7400000)
 ParOldGen       total 68608K, used 23315K [0x00000000e0000000, 0x00000000e4300000, 0x00000000f5580000)
  object space 68608K, 33% used [0x00000000e0000000,0x00000000e16c4f90,0x00000000e4300000)
 Metaspace       used 30839K, committed 31552K, reserved 1081344K
  class space    used 3188K, committed 3520K, reserved 1048576K
}
Event: 5.513 GC heap before
{Heap before GC invocations=12 (full 1):
 PSYoungGen      total 27648K, used 27264K [0x00000000f5580000, 0x00000000f7980000, 0x0000000100000000)
  eden space 22528K, 100% used [0x00000000f5580000,0x00000000f6b80000,0x00000000f6b80000)
  from space 5120K, 92% used [0x00000000f7480000,0x00000000f7920010,0x00000000f7980000)
  to   space 5632K, 0% used [0x00000000f6e80000,0x00000000f6e80000,0x00000000f7400000)
 ParOldGen       total 68608K, used 23315K [0x00000000e0000000, 0x00000000e4300000, 0x00000000f5580000)
  object space 68608K, 33% used [0x00000000e0000000,0x00000000e16c4f90,0x00000000e4300000)
 Metaspace       used 33515K, committed 34240K, reserved 1081344K
  class space    used 3494K, committed 3840K, reserved 1048576K
}
Event: 5.531 GC heap after
{Heap after GC invocations=12 (full 1):
 PSYoungGen      total 25088K, used 2777K [0x00000000f5580000, 0x00000000f7500000, 0x0000000100000000)
  eden space 22016K, 0% used [0x00000000f5580000,0x00000000f5580000,0x00000000f6b00000)
  from space 3072K, 90% used [0x00000000f6e80000,0x00000000f7136470,0x00000000f7180000)
  to   space 3584K, 0% used [0x00000000f7180000,0x00000000f7180000,0x00000000f7500000)
 ParOldGen       total 68608K, used 27994K [0x00000000e0000000, 0x00000000e4300000, 0x00000000f5580000)
  object space 68608K, 40% used [0x00000000e0000000,0x00000000e1b56820,0x00000000e4300000)
 Metaspace       used 33515K, committed 34240K, reserved 1081344K
  class space    used 3494K, committed 3840K, reserved 1048576K
}
Event: 5.663 GC heap before
{Heap before GC invocations=13 (full 1):
 PSYoungGen      total 25088K, used 21378K [0x00000000f5580000, 0x00000000f7500000, 0x0000000100000000)
  eden space 22016K, 84% used [0x00000000f5580000,0x00000000f67aa5b0,0x00000000f6b00000)
  from space 3072K, 90% used [0x00000000f6e80000,0x00000000f7136470,0x00000000f7180000)
  to   space 3584K, 0% used [0x00000000f7180000,0x00000000f7180000,0x00000000f7500000)
 ParOldGen       total 68608K, used 27994K [0x00000000e0000000, 0x00000000e4300000, 0x00000000f5580000)
  object space 68608K, 40% used [0x00000000e0000000,0x00000000e1b56820,0x00000000e4300000)
 Metaspace       used 35083K, committed 35840K, reserved 1081344K
  class space    used 3685K, committed 4032K, reserved 1048576K
}
Event: 5.672 GC heap after
{Heap after GC invocations=13 (full 1):
 PSYoungGen      total 23552K, used 1152K [0x00000000f5580000, 0x00000000f7300000, 0x0000000100000000)
  eden space 22016K, 0% used [0x00000000f5580000,0x00000000f5580000,0x00000000f6b00000)
  from space 1536K, 75% used [0x00000000f7180000,0x00000000f72a0000,0x00000000f7300000)
  to   space 2048K, 0% used [0x00000000f6f00000,0x00000000f6f00000,0x00000000f7100000)
 ParOldGen       total 68608K, used 30500K [0x00000000e0000000, 0x00000000e4300000, 0x00000000f5580000)
  object space 68608K, 44% used [0x00000000e0000000,0x00000000e1dc9210,0x00000000e4300000)
 Metaspace       used 35083K, committed 35840K, reserved 1081344K
  class space    used 3685K, committed 4032K, reserved 1048576K
}
Event: 5.672 GC heap before
{Heap before GC invocations=14 (full 2):
 PSYoungGen      total 23552K, used 1152K [0x00000000f5580000, 0x00000000f7300000, 0x0000000100000000)
  eden space 22016K, 0% used [0x00000000f5580000,0x00000000f5580000,0x00000000f6b00000)
  from space 1536K, 75% used [0x00000000f7180000,0x00000000f72a0000,0x00000000f7300000)
  to   space 2048K, 0% used [0x00000000f6f00000,0x00000000f6f00000,0x00000000f7100000)
 ParOldGen       total 68608K, used 30500K [0x00000000e0000000, 0x00000000e4300000, 0x00000000f5580000)
  object space 68608K, 44% used [0x00000000e0000000,0x00000000e1dc9210,0x00000000e4300000)
 Metaspace       used 35083K, committed 35840K, reserved 1081344K
  class space    used 3685K, committed 4032K, reserved 1048576K
}
Event: 5.748 GC heap after
{Heap after GC invocations=14 (full 2):
 PSYoungGen      total 23552K, used 0K [0x00000000f5580000, 0x00000000f7300000, 0x0000000100000000)
  eden space 22016K, 0% used [0x00000000f5580000,0x00000000f5580000,0x00000000f6b00000)
  from space 1536K, 0% used [0x00000000f7180000,0x00000000f7180000,0x00000000f7300000)
  to   space 2048K, 0% used [0x00000000f6f00000,0x00000000f6f00000,0x00000000f7100000)
 ParOldGen       total 68608K, used 30741K [0x00000000e0000000, 0x00000000e4300000, 0x00000000f5580000)
  object space 68608K, 44% used [0x00000000e0000000,0x00000000e1e057a0,0x00000000e4300000)
 Metaspace       used 35083K, committed 35840K, reserved 1081344K
  class space    used 3685K, committed 4032K, reserved 1048576K
}
Event: 6.440 GC heap before
{Heap before GC invocations=15 (full 2):
 PSYoungGen      total 23552K, used 22016K [0x00000000f5580000, 0x00000000f7300000, 0x0000000100000000)
  eden space 22016K, 100% used [0x00000000f5580000,0x00000000f6b00000,0x00000000f6b00000)
  from space 1536K, 0% used [0x00000000f7180000,0x00000000f7180000,0x00000000f7300000)
  to   space 2048K, 0% used [0x00000000f6f00000,0x00000000f6f00000,0x00000000f7100000)
 ParOldGen       total 68608K, used 30741K [0x00000000e0000000, 0x00000000e4300000, 0x00000000f5580000)
  object space 68608K, 44% used [0x00000000e0000000,0x00000000e1e057a0,0x00000000e4300000)
 Metaspace       used 42581K, committed 43392K, reserved 1089536K
  class space    used 4290K, committed 4672K, reserved 1048576K
}
Event: 6.448 GC heap after
{Heap after GC invocations=15 (full 2):
 PSYoungGen      total 24064K, used 2042K [0x00000000f5580000, 0x00000000f7200000, 0x0000000100000000)
  eden space 22016K, 0% used [0x00000000f5580000,0x00000000f5580000,0x00000000f6b00000)
  from space 2048K, 99% used [0x00000000f6f00000,0x00000000f70feb98,0x00000000f7100000)
  to   space 1024K, 0% used [0x00000000f7100000,0x00000000f7100000,0x00000000f7200000)
 ParOldGen       total 68608K, used 31415K [0x00000000e0000000, 0x00000000e4300000, 0x00000000f5580000)
  object space 68608K, 45% used [0x00000000e0000000,0x00000000e1eadc70,0x00000000e4300000)
 Metaspace       used 42581K, committed 43392K, reserved 1089536K
  class space    used 4290K, committed 4672K, reserved 1048576K
}

