# JRE version: OpenJDK Runtime Environment GraalVM CE 21.3.0 (17.0.1+12) (build 17.0.1+12-jvmci-21.3-b05)
# Java VM: OpenJDK 64-Bit Server VM GraalVM CE 21.3.0 (17.0.1+12-jvmci-21.3-b05, mixed mode, sharing, tiered, jvmci, jvmci compiler, compressed oops, compressed class ptrs, parallel gc, linux-amd64)
GC Precious Log:
 CPUs: 8 total, 4 available
 Memory: 8192M
 Large Page Support: Disabled
 NUMA Support: Disabled
 Compressed Oops: Enabled (32-bit)
 Alignments: Space 512K, Generation 512K, Heap 2M
 Heap Min Capacity: 100M
 Heap Initial Capacity: 100M
 Heap Max Capacity: 2G
 Pre-touch: Disabled
 Parallel Workers: 4
Heap:
 PSYoungGen      total 23040K, used 14068K [0x00000000d5580000, 0x00000000d7100000, 0x0000000100000000)
  eden space 22016K, 60% used [0x00000000d5580000,0x00000000d6266f08,0x00000000d6b00000)
  from space 1024K, 83% used [0x00000000d7000000,0x00000000d70d6470,0x00000000d7100000)
  to   space 2048K, 0% used [0x00000000d6d00000,0x00000000d6d00000,0x00000000d6f00000)
 ParOldGen       total 68608K, used 33922K [0x0000000080000000, 0x0000000084300000, 0x00000000d5580000)
  object space 68608K, 49% used [0x0000000080000000,0x0000000082120b10,0x0000000084300000)
 Metaspace       used 44927K, committed 45696K, reserved 1097728K
  class space    used 4511K, committed 4864K, reserved 1048576K
GC Heap History (20 events):
Event: 4.287 GC heap before
{Heap before GC invocations=7 (full 1):
 PSYoungGen      total 29184K, used 29167K [0x00000000d5580000, 0x00000000d7a00000, 0x0000000100000000)
  eden space 25088K, 100% used [0x00000000d5580000,0x00000000d6e00000,0x00000000d6e00000)
  from space 4096K, 99% used [0x00000000d6e80000,0x00000000d727bd10,0x00000000d7280000)
  to   space 6144K, 0% used [0x00000000d7400000,0x00000000d7400000,0x00000000d7a00000)
 ParOldGen       total 68608K, used 12509K [0x0000000080000000, 0x0000000084300000, 0x00000000d5580000)
  object space 68608K, 18% used [0x0000000080000000,0x0000000080c37578,0x0000000084300000)
 Metaspace       used 28660K, committed 29248K, reserved 1081344K
  class space    used 2933K, committed 3200K, reserved 1048576K
}
Event: 4.317 GC heap after
{Heap after GC invocations=7 (full 1):
 PSYoungGen      total 30208K, used 6143K [0x00000000d5580000, 0x00000000d7b80000, 0x0000000100000000)
  eden space 24064K, 0% used [0x00000000d5580000,0x00000000d5580000,0x00000000d6d00000)
  from space 6144K, 99% used [0x00000000d7400000,0x00000000d79ffd00,0x00000000d7a00000)
  to   space 7168K, 0% used [0x00000000d6d00000,0x00000000d6d00000,0x00000000d7400000)
 ParOldGen       total 68608K, used 12805K [0x0000000080000000, 0x0000000084300000, 0x00000000d5580000)
  object space 68608K, 18% used [0x0000000080000000,0x0000000080c81598,0x0000000084300000)
 Metaspace       used 28660K, committed 29248K, reserved 1081344K
  class space    used 2933K, committed 3200K, reserved 1048576K
}
Event: 4.434 GC heap before
{Heap before GC invocations=8 (full 1):
 PSYoungGen      total 30208K, used 30207K [0x00000000d5580000, 0x00000000d7b80000, 0x0000000100000000)
  eden space 24064K, 100% used [0x00000000d5580000,0x00000000d6d00000,0x00000000d6d00000)
  from space 6144K, 99% used [0x00000000d7400000,0x00000000d79ffd00,0x00000000d7a00000)
  to   space 7168K, 0% used [0x00000000d6d00000,0x00000000d6d00000,0x00000000d7400000)
 ParOldGen       total 68608K, used 12805K [0x0000000080000000, 0x0000000084300000, 0x00000000d5580000)
  object space 68608K, 18% used [0x0000000080000000,0x0000000080c81598,0x0000000084300000)
 Metaspace       used 29254K, committed 29888K, reserved 1081344K
  class space    used 2976K, committed 3264K, reserved 1048576K
}
Event: 4.465 GC heap after
{Heap after GC invocations=8 (full 1):
 PSYoungGen      total 30720K, used 7158K [0x00000000d5580000, 0x00000000d7e80000, 0x0000000100000000)
  eden space 23552K, 0% used [0x00000000d5580000,0x00000000d5580000,0x00000000d6c80000)
  from space 7168K, 99% used [0x00000000d6d00000,0x00000000d73fd868,0x00000000d7400000)
  to   space 9216K, 0% used [0x00000000d7580000,0x00000000d7580000,0x00000000d7e80000)
 ParOldGen       total 68608K, used 14125K [0x0000000080000000, 0x0000000084300000, 0x00000000d5580000)
  object space 68608K, 20% used [0x0000000080000000,0x0000000080dcb5c8,0x0000000084300000)
 Metaspace       used 29254K, committed 29888K, reserved 1081344K
  class space    used 2976K, committed 3264K, reserved 1048576K
}
Event: 4.606 GC heap before
{Heap before GC invocations=9 (full 1):
 PSYoungGen      total 30720K, used 30710K [0x00000000d5580000, 0x00000000d7e80000, 0x0000000100000000)
  eden space 23552K, 100% used [0x00000000d5580000,0x00000000d6c80000,0x00000000d6c80000)
  from space 7168K, 99% used [0x00000000d6d00000,0x00000000d73fd868,0x00000000d7400000)
  to   space 9216K, 0% used [0x00000000d7580000,0x00000000d7580000,0x00000000d7e80000)
 ParOldGen       total 68608K, used 14125K [0x0000000080000000, 0x0000000084300000, 0x00000000d5580000)
  object space 68608K, 20% used [0x0000000080000000,0x0000000080dcb5c8,0x0000000084300000)
 Metaspace       used 29546K, committed 30144K, reserved 1081344K
  class space    used 3025K, committed 3264K, reserved 1048576K
}
Event: 4.638 GC heap after
{Heap after GC invocations=9 (full 1):
 PSYoungGen      total 31744K, used 8205K [0x00000000d5580000, 0x00000000d7e00000, 0x0000000100000000)
  eden space 23040K, 0% used [0x00000000d5580000,0x00000000d5580000,0x00000000d6c00000)
  from space 8704K, 94% used [0x00000000d7580000,0x00000000d7d836c0,0x00000000d7e00000)
  to   space 8704K, 0% used [0x00000000d6d00000,0x00000000d6d00000,0x00000000d7580000)
 ParOldGen       total 68608K, used 15946K [0x0000000080000000, 0x0000000084300000, 0x00000000d5580000)
  object space 68608K, 23% used [0x0000000080000000,0x0000000080f92920,0x0000000084300000)
 Metaspace       used 29546K, committed 30144K, reserved 1081344K
  class space    used 3025K, committed 3264K, reserved 1048576K
}
Event: 4.733 GC heap before
{Heap before GC invocations=10 (full 1):
 PSYoungGen      total 31744K, used 31245K [0x00000000d5580000, 0x00000000d7e00000, 0x0000000100000000)
  eden space 23040K, 100% used [0x00000000d5580000,0x00000000d6c00000,0x00000000d6c00000)
  from space 8704K, 94% used [0x00000000d7580000,0x00000000d7d836c0,0x00000000d7e00000)
  to   space 8704K, 0% used [0x00000000d6d00000,0x00000000d6d00000,0x00000000d7580000)
 ParOldGen       total 68608K, used 15946K [0x0000000080000000, 0x0000000084300000, 0x00000000d5580000)
  object space 68608K, 23% used [0x0000000080000000,0x0000000080f92920,0x0000000084300000)
 Metaspace       used 29655K, committed 30336K, reserved 1081344K
  class space    used 3033K, committed 3328K, reserved 1048576K
}
Event: 4.753 GC heap after
{Heap after GC invocations=10 (full 1):
 PSYoungGen      total 30208K, used 7318K [0x00000000d5580000, 0x00000000d7a80000, 0x0000000100000000)
  eden space 22528K, 0% used [0x00000000d5580000,0x00000000d5580000,0x00000000d6b80000)
  from space 7680K, 95% used [0x00000000d6d00000,0x00000000d7425b88,0x00000000d7480000)
  to   space 6144K, 0% used [0x00000000d7480000,0x00000000d7480000,0x00000000d7a80000)
 ParOldGen       total 68608K, used 19314K [0x0000000080000000, 0x0000000084300000, 0x00000000d5580000)
  object space 68608K, 28% used [0x0000000080000000,0x00000000812dc920,0x0000000084300000)
 Metaspace       used 29655K, committed 30336K, reserved 1081344K
  class space    used 3033K, committed 3328K, reserved 1048576K
}
Event: 4.863 GC heap before
{Heap before GC invocations=11 (full 1):
 PSYoungGen      total 30208K, used 29846K [0x00000000d5580000, 0x00000000d7a80000, 0x0000000100000000)
  eden space 22528K, 100% used [0x00000000d5580000,0x00000000d6b80000,0x00000000d6b80000)
  from space 7680K, 95% used [0x00000000d6d00000,0x00000000d7425b88,0x00000000d7480000)
  to   space 6144K, 0% used [0x00000000d7480000,0x00000000d7480000,0x00000000d7a80000)
 ParOldGen       total 68608K, used 19314K [0x0000000080000000, 0x0000000084300000, 0x00000000d5580000)
  object space 68608K, 28% used [0x0000000080000000,0x00000000812dc920,0x0000000084300000)
 Metaspace       used 30003K, committed 30656K, reserved 1081344K
  class space    used 3073K, committed 3328K, reserved 1048576K
}
Event: 4.890 GC heap after
{Heap after GC invocations=11 (full 1):
 PSYoungGen      total 27136K, used 4928K [0x00000000d5580000, 0x00000000d7980000, 0x0000000100000000)
  eden space 22016K, 0% used [0x00000000d5580000,0x00000000d5580000,0x00000000d6b00000)
  from space 5120K, 96% used [0x00000000d7480000,0x00000000d7950010,0x00000000d7980000)
  to   space 6144K, 0% used [0x00000000d6d80000,0x00000000d6d80000,0x00000000d7380000)
 ParOldGen       total 68608K, used 23908K [0x0000000080000000, 0x0000000084300000, 0x00000000d5580000)
  object space 68608K, 34% used [0x0000000080000000,0x0000000081759350,0x0000000084300000)
 Metaspace       used 30003K, committed 30656K, reserved 1081344K
  class space    used 3073K, committed 3328K, reserved 1048576K
}
Event: 5.620 GC heap before
{Heap before GC invocations=12 (full 1):
 PSYoungGen      total 27136K, used 26944K [0x00000000d5580000, 0x00000000d7980000, 0x0000000100000000)
  eden space 22016K, 100% used [0x00000000d5580000,0x00000000d6b00000,0x00000000d6b00000)
  from space 5120K, 96% used [0x00000000d7480000,0x00000000d7950010,0x00000000d7980000)
  to   space 6144K, 0% used [0x00000000d6d80000,0x00000000d6d80000,0x00000000d7380000)
 ParOldGen       total 68608K, used 23908K [0x0000000080000000, 0x0000000084300000, 0x00000000d5580000)
  object space 68608K, 34% used [0x0000000080000000,0x0000000081759350,0x0000000084300000)
 Metaspace       used 34089K, committed 34752K, reserved 1081344K
  class space    used 3482K, committed 3776K, reserved 1048576K
}
Event: 5.657 GC heap after
{Heap after GC invocations=12 (full 1):
 PSYoungGen      total 25088K, used 2679K [0x00000000d5580000, 0x00000000d7500000, 0x0000000100000000)
  eden space 22016K, 0% used [0x00000000d5580000,0x00000000d5580000,0x00000000d6b00000)
  from space 3072K, 87% used [0x00000000d6d80000,0x00000000d701ddc0,0x00000000d7080000)
  to   space 4096K, 0% used [0x00000000d7100000,0x00000000d7100000,0x00000000d7500000)
 ParOldGen       total 68608K, used 28762K [0x0000000080000000, 0x0000000084300000, 0x00000000d5580000)
  object space 68608K, 41% used [0x0000000080000000,0x0000000081c16be0,0x0000000084300000)
 Metaspace       used 34089K, committed 34752K, reserved 1081344K
  class space    used 3482K, committed 3776K, reserved 1048576K
}
Event: 5.731 GC heap before
{Heap before GC invocations=13 (full 1):
 PSYoungGen      total 25088K, used 5684K [0x00000000d5580000, 0x00000000d7500000, 0x0000000100000000)
  eden space 22016K, 13% used [0x00000000d5580000,0x00000000d586f350,0x00000000d6b00000)
  from space 3072K, 87% used [0x00000000d6d80000,0x00000000d701ddc0,0x00000000d7080000)
  to   space 4096K, 0% used [0x00000000d7100000,0x00000000d7100000,0x00000000d7500000)
 ParOldGen       total 68608K, used 28762K [0x0000000080000000, 0x0000000084300000, 0x00000000d5580000)
  object space 68608K, 41% used [0x0000000080000000,0x0000000081c16be0,0x0000000084300000)
 Metaspace       used 35208K, committed 35840K, reserved 1081344K
  class space    used 3619K, committed 3904K, reserved 1048576K
}
Event: 5.747 GC heap after
{Heap after GC invocations=13 (full 1):
 PSYoungGen      total 22528K, used 256K [0x00000000d5580000, 0x00000000d7180000, 0x0000000100000000)
  eden space 22016K, 0% used [0x00000000d5580000,0x00000000d5580000,0x00000000d6b00000)
  from space 512K, 50% used [0x00000000d7100000,0x00000000d7140000,0x00000000d7180000)
  to   space 1536K, 0% used [0x00000000d6e80000,0x00000000d6e80000,0x00000000d7000000)
 ParOldGen       total 68608K, used 31362K [0x0000000080000000, 0x0000000084300000, 0x00000000d5580000)
  object space 68608K, 45% used [0x0000000080000000,0x0000000081ea0b78,0x0000000084300000)
 Metaspace       used 35208K, committed 35840K, reserved 1081344K
  class space    used 3619K, committed 3904K, reserved 1048576K
}
Event: 5.747 GC heap before
{Heap before GC invocations=14 (full 2):
 PSYoungGen      total 22528K, used 256K [0x00000000d5580000, 0x00000000d7180000, 0x0000000100000000)
  eden space 22016K, 0% used [0x00000000d5580000,0x00000000d5580000,0x00000000d6b00000)
  from space 512K, 50% used [0x00000000d7100000,0x00000000d7140000,0x00000000d7180000)
  to   space 1536K, 0% used [0x00000000d6e80000,0x00000000d6e80000,0x00000000d7000000)
 ParOldGen       total 68608K, used 31362K [0x0000000080000000, 0x0000000084300000, 0x00000000d5580000)
  object space 68608K, 45% used [0x0000000080000000,0x0000000081ea0b78,0x0000000084300000)
 Metaspace       used 35208K, committed 35840K, reserved 1081344K
  class space    used 3619K, committed 3904K, reserved 1048576K
}
Event: 5.931 GC heap after
{Heap after GC invocations=14 (full 2):
 PSYoungGen      total 22528K, used 0K [0x00000000d5580000, 0x00000000d7180000, 0x0000000100000000)
  eden space 22016K, 0% used [0x00000000d5580000,0x00000000d5580000,0x00000000d6b00000)
  from space 512K, 0% used [0x00000000d7100000,0x00000000d7100000,0x00000000d7180000)
  to   space 1536K, 0% used [0x00000000d6e80000,0x00000000d6e80000,0x00000000d7000000)
 ParOldGen       total 68608K, used 30906K [0x0000000080000000, 0x0000000084300000, 0x00000000d5580000)
  object space 68608K, 45% used [0x0000000080000000,0x0000000081e2e960,0x0000000084300000)
 Metaspace       used 35208K, committed 35840K, reserved 1081344K
  class space    used 3619K, committed 3904K, reserved 1048576K
}
Event: 6.991 GC heap before
{Heap before GC invocations=15 (full 2):
 PSYoungGen      total 22528K, used 22016K [0x00000000d5580000, 0x00000000d7180000, 0x0000000100000000)
  eden space 22016K, 100% used [0x00000000d5580000,0x00000000d6b00000,0x00000000d6b00000)
  from space 512K, 0% used [0x00000000d7100000,0x00000000d7100000,0x00000000d7180000)
  to   space 1536K, 0% used [0x00000000d6e80000,0x00000000d6e80000,0x00000000d7000000)
 ParOldGen       total 68608K, used 30906K [0x0000000080000000, 0x0000000084300000, 0x00000000d5580000)
  object space 68608K, 45% used [0x0000000080000000,0x0000000081e2e960,0x0000000084300000)
 Metaspace       used 41478K, committed 42240K, reserved 1089536K
  class space    used 4209K, committed 4544K, reserved 1048576K
}
Event: 7.011 GC heap after
{Heap after GC invocations=15 (full 2):
 PSYoungGen      total 23552K, used 1511K [0x00000000d5580000, 0x00000000d7200000, 0x0000000100000000)
  eden space 22016K, 0% used [0x00000000d5580000,0x00000000d5580000,0x00000000d6b00000)
  from space 1536K, 98% used [0x00000000d6e80000,0x00000000d6ff9e78,0x00000000d7000000)
  to   space 2048K, 0% used [0x00000000d7000000,0x00000000d7000000,0x00000000d7200000)
 ParOldGen       total 68608K, used 32435K [0x0000000080000000, 0x0000000084300000, 0x00000000d5580000)
  object space 68608K, 47% used [0x0000000080000000,0x0000000081facf40,0x0000000084300000)
 Metaspace       used 41478K, committed 42240K, reserved 1089536K
  class space    used 4209K, committed 4544K, reserved 1048576K
}
Event: 7.644 GC heap before
{Heap before GC invocations=16 (full 2):
 PSYoungGen      total 23552K, used 23527K [0x00000000d5580000, 0x00000000d7200000, 0x0000000100000000)
  eden space 22016K, 100% used [0x00000000d5580000,0x00000000d6b00000,0x00000000d6b00000)
  from space 1536K, 98% used [0x00000000d6e80000,0x00000000d6ff9e78,0x00000000d7000000)
  to   space 2048K, 0% used [0x00000000d7000000,0x00000000d7000000,0x00000000d7200000)
 ParOldGen       total 68608K, used 32435K [0x0000000080000000, 0x0000000084300000, 0x00000000d5580000)
  object space 68608K, 47% used [0x0000000080000000,0x0000000081facf40,0x0000000084300000)
 Metaspace       used 43614K, committed 44352K, reserved 1089536K
  class space    used 4413K, committed 4736K, reserved 1048576K
}
Event: 7.676 GC heap after
{Heap after GC invocations=16 (full 2):
 PSYoungGen      total 23040K, used 857K [0x00000000d5580000, 0x00000000d7100000, 0x0000000100000000)
  eden space 22016K, 0% used [0x00000000d5580000,0x00000000d5580000,0x00000000d6b00000)
  from space 1024K, 83% used [0x00000000d7000000,0x00000000d70d6470,0x00000000d7100000)
  to   space 2048K, 0% used [0x00000000d6d00000,0x00000000d6d00000,0x00000000d6f00000)
 ParOldGen       total 68608K, used 33922K [0x0000000080000000, 0x0000000084300000, 0x00000000d5580000)
  object space 68608K, 49% used [0x0000000080000000,0x0000000082120b10,0x0000000084300000)
 Metaspace       used 43614K, committed 44352K, reserved 1089536K
  class space    used 4413K, committed 4736K, reserved 1048576K
}

